<?xml version="1.0" encoding="UTF-8"?>
<testsuite xmlns:xsi="http://www.w3.org/2001/XMLSchema-instance" xsi:noNamespaceSchemaLocation="https://maven.apache.org/surefire/maven-surefire-plugin/xsd/surefire-test-report.xsd" name="com.liupanlong.test2.Test2ApplicationTests" time="3.684" tests="1" errors="0" skipped="0" failures="0">
  <properties>
    <property name="sun.desktop" value="windows"/>
    <property name="awt.toolkit" value="sun.awt.windows.WToolkit"/>
    <property name="file.encoding.pkg" value="sun.io"/>
    <property name="java.specification.version" value="1.8"/>
    <property name="sun.cpu.isalist" value="amd64"/>
    <property name="sun.jnu.encoding" value="GBK"/>
    <property name="java.class.path" value="D:\Dev\projects\test2\target\test-classes;D:\Dev\projects\test2\target\classes;D:\Dev\Environment\repository\org\springframework\boot\spring-boot-starter-data-redis\2.5.2\spring-boot-starter-data-redis-2.5.2.jar;D:\Dev\Environment\repository\org\springframework\boot\spring-boot-starter\2.5.2\spring-boot-starter-2.5.2.jar;D:\Dev\Environment\repository\org\springframework\boot\spring-boot-starter-logging\2.5.2\spring-boot-starter-logging-2.5.2.jar;D:\Dev\Environment\repository\ch\qos\logback\logback-classic\1.2.3\logback-classic-1.2.3.jar;D:\Dev\Environment\repository\ch\qos\logback\logback-core\1.2.3\logback-core-1.2.3.jar;D:\Dev\Environment\repository\org\apache\logging\log4j\log4j-to-slf4j\2.14.1\log4j-to-slf4j-2.14.1.jar;D:\Dev\Environment\repository\org\apache\logging\log4j\log4j-api\2.14.1\log4j-api-2.14.1.jar;D:\Dev\Environment\repository\org\slf4j\jul-to-slf4j\1.7.31\jul-to-slf4j-1.7.31.jar;D:\Dev\Environment\repository\jakarta\annotation\jakarta.annotation-api\1.3.5\jakarta.annotation-api-1.3.5.jar;D:\Dev\Environment\repository\org\yaml\snakeyaml\1.28\snakeyaml-1.28.jar;D:\Dev\Environment\repository\org\springframework\data\spring-data-redis\2.5.2\spring-data-redis-2.5.2.jar;D:\Dev\Environment\repository\org\springframework\data\spring-data-keyvalue\2.5.2\spring-data-keyvalue-2.5.2.jar;D:\Dev\Environment\repository\org\springframework\data\spring-data-commons\2.5.2\spring-data-commons-2.5.2.jar;D:\Dev\Environment\repository\org\springframework\spring-tx\5.3.8\spring-tx-5.3.8.jar;D:\Dev\Environment\repository\org\springframework\spring-oxm\5.3.8\spring-oxm-5.3.8.jar;D:\Dev\Environment\repository\org\springframework\spring-aop\5.3.8\spring-aop-5.3.8.jar;D:\Dev\Environment\repository\org\springframework\spring-context-support\5.3.8\spring-context-support-5.3.8.jar;D:\Dev\Environment\repository\io\lettuce\lettuce-core\6.1.3.RELEASE\lettuce-core-6.1.3.RELEASE.jar;D:\Dev\Environment\repository\io\netty\netty-common\4.1.65.Final\netty-common-4.1.65.Final.jar;D:\Dev\Environment\repository\io\netty\netty-handler\4.1.65.Final\netty-handler-4.1.65.Final.jar;D:\Dev\Environment\repository\io\netty\netty-resolver\4.1.65.Final\netty-resolver-4.1.65.Final.jar;D:\Dev\Environment\repository\io\netty\netty-buffer\4.1.65.Final\netty-buffer-4.1.65.Final.jar;D:\Dev\Environment\repository\io\netty\netty-codec\4.1.65.Final\netty-codec-4.1.65.Final.jar;D:\Dev\Environment\repository\io\netty\netty-transport\4.1.65.Final\netty-transport-4.1.65.Final.jar;D:\Dev\Environment\repository\io\projectreactor\reactor-core\3.4.7\reactor-core-3.4.7.jar;D:\Dev\Environment\repository\org\reactivestreams\reactive-streams\1.0.3\reactive-streams-1.0.3.jar;D:\Dev\Environment\repository\org\apache\commons\commons-pool2\2.9.0\commons-pool2-2.9.0.jar;D:\Dev\Environment\repository\redis\clients\jedis\3.2.0\jedis-3.2.0.jar;D:\Dev\Environment\repository\org\slf4j\slf4j-api\1.7.31\slf4j-api-1.7.31.jar;D:\Dev\Environment\repository\org\springframework\boot\spring-boot-starter-web\2.5.2\spring-boot-starter-web-2.5.2.jar;D:\Dev\Environment\repository\org\springframework\boot\spring-boot-starter-json\2.5.2\spring-boot-starter-json-2.5.2.jar;D:\Dev\Environment\repository\com\fasterxml\jackson\datatype\jackson-datatype-jdk8\2.12.3\jackson-datatype-jdk8-2.12.3.jar;D:\Dev\Environment\repository\com\fasterxml\jackson\datatype\jackson-datatype-jsr310\2.12.3\jackson-datatype-jsr310-2.12.3.jar;D:\Dev\Environment\repository\com\fasterxml\jackson\module\jackson-module-parameter-names\2.12.3\jackson-module-parameter-names-2.12.3.jar;D:\Dev\Environment\repository\org\springframework\boot\spring-boot-starter-tomcat\2.5.2\spring-boot-starter-tomcat-2.5.2.jar;D:\Dev\Environment\repository\org\apache\tomcat\embed\tomcat-embed-core\9.0.48\tomcat-embed-core-9.0.48.jar;D:\Dev\Environment\repository\org\apache\tomcat\embed\tomcat-embed-el\9.0.48\tomcat-embed-el-9.0.48.jar;D:\Dev\Environment\repository\org\apache\tomcat\embed\tomcat-embed-websocket\9.0.48\tomcat-embed-websocket-9.0.48.jar;D:\Dev\Environment\repository\org\springframework\spring-web\5.3.8\spring-web-5.3.8.jar;D:\Dev\Environment\repository\org\springframework\spring-beans\5.3.8\spring-beans-5.3.8.jar;D:\Dev\Environment\repository\org\springframework\spring-webmvc\5.3.8\spring-webmvc-5.3.8.jar;D:\Dev\Environment\repository\org\springframework\spring-context\5.3.8\spring-context-5.3.8.jar;D:\Dev\Environment\repository\org\springframework\spring-expression\5.3.8\spring-expression-5.3.8.jar;D:\Dev\Environment\repository\org\mybatis\spring\boot\mybatis-spring-boot-starter\2.1.3\mybatis-spring-boot-starter-2.1.3.jar;D:\Dev\Environment\repository\org\springframework\boot\spring-boot-starter-jdbc\2.5.2\spring-boot-starter-jdbc-2.5.2.jar;D:\Dev\Environment\repository\com\zaxxer\HikariCP\4.0.3\HikariCP-4.0.3.jar;D:\Dev\Environment\repository\org\springframework\spring-jdbc\5.3.8\spring-jdbc-5.3.8.jar;D:\Dev\Environment\repository\org\mybatis\spring\boot\mybatis-spring-boot-autoconfigure\2.1.3\mybatis-spring-boot-autoconfigure-2.1.3.jar;D:\Dev\Environment\repository\org\mybatis\mybatis\3.5.5\mybatis-3.5.5.jar;D:\Dev\Environment\repository\org\mybatis\mybatis-spring\2.0.5\mybatis-spring-2.0.5.jar;D:\Dev\Environment\repository\org\projectlombok\lombok\1.18.20\lombok-1.18.20.jar;D:\Dev\Environment\repository\mysql\mysql-connector-java\8.0.25\mysql-connector-java-8.0.25.jar;D:\Dev\Environment\repository\com\alibaba\druid\1.2.4\druid-1.2.4.jar;D:\Dev\Environment\repository\org\springframework\boot\spring-boot-devtools\2.5.2\spring-boot-devtools-2.5.2.jar;D:\Dev\Environment\repository\org\springframework\boot\spring-boot\2.5.2\spring-boot-2.5.2.jar;D:\Dev\Environment\repository\org\springframework\boot\spring-boot-autoconfigure\2.5.2\spring-boot-autoconfigure-2.5.2.jar;D:\Dev\Environment\repository\org\springframework\boot\spring-boot-starter-test\2.5.2\spring-boot-starter-test-2.5.2.jar;D:\Dev\Environment\repository\org\springframework\boot\spring-boot-test\2.5.2\spring-boot-test-2.5.2.jar;D:\Dev\Environment\repository\org\springframework\boot\spring-boot-test-autoconfigure\2.5.2\spring-boot-test-autoconfigure-2.5.2.jar;D:\Dev\Environment\repository\com\jayway\jsonpath\json-path\2.5.0\json-path-2.5.0.jar;D:\Dev\Environment\repository\net\minidev\json-smart\2.4.7\json-smart-2.4.7.jar;D:\Dev\Environment\repository\net\minidev\accessors-smart\2.4.7\accessors-smart-2.4.7.jar;D:\Dev\Environment\repository\org\ow2\asm\asm\9.1\asm-9.1.jar;D:\Dev\Environment\repository\jakarta\xml\bind\jakarta.xml.bind-api\2.3.3\jakarta.xml.bind-api-2.3.3.jar;D:\Dev\Environment\repository\jakarta\activation\jakarta.activation-api\1.2.2\jakarta.activation-api-1.2.2.jar;D:\Dev\Environment\repository\org\assertj\assertj-core\3.19.0\assertj-core-3.19.0.jar;D:\Dev\Environment\repository\org\hamcrest\hamcrest\2.2\hamcrest-2.2.jar;D:\Dev\Environment\repository\org\junit\jupiter\junit-jupiter\5.7.2\junit-jupiter-5.7.2.jar;D:\Dev\Environment\repository\org\junit\jupiter\junit-jupiter-api\5.7.2\junit-jupiter-api-5.7.2.jar;D:\Dev\Environment\repository\org\apiguardian\apiguardian-api\1.1.0\apiguardian-api-1.1.0.jar;D:\Dev\Environment\repository\org\opentest4j\opentest4j\1.2.0\opentest4j-1.2.0.jar;D:\Dev\Environment\repository\org\junit\platform\junit-platform-commons\1.7.2\junit-platform-commons-1.7.2.jar;D:\Dev\Environment\repository\org\junit\jupiter\junit-jupiter-params\5.7.2\junit-jupiter-params-5.7.2.jar;D:\Dev\Environment\repository\org\junit\jupiter\junit-jupiter-engine\5.7.2\junit-jupiter-engine-5.7.2.jar;D:\Dev\Environment\repository\org\junit\platform\junit-platform-engine\1.7.2\junit-platform-engine-1.7.2.jar;D:\Dev\Environment\repository\org\mockito\mockito-core\3.9.0\mockito-core-3.9.0.jar;D:\Dev\Environment\repository\net\bytebuddy\byte-buddy\1.10.22\byte-buddy-1.10.22.jar;D:\Dev\Environment\repository\net\bytebuddy\byte-buddy-agent\1.10.22\byte-buddy-agent-1.10.22.jar;D:\Dev\Environment\repository\org\objenesis\objenesis\3.2\objenesis-3.2.jar;D:\Dev\Environment\repository\org\mockito\mockito-junit-jupiter\3.9.0\mockito-junit-jupiter-3.9.0.jar;D:\Dev\Environment\repository\org\skyscreamer\jsonassert\1.5.0\jsonassert-1.5.0.jar;D:\Dev\Environment\repository\com\vaadin\external\google\android-json\0.0.20131108.vaadin1\android-json-0.0.20131108.vaadin1.jar;D:\Dev\Environment\repository\org\springframework\spring-core\5.3.8\spring-core-5.3.8.jar;D:\Dev\Environment\repository\org\springframework\spring-jcl\5.3.8\spring-jcl-5.3.8.jar;D:\Dev\Environment\repository\org\springframework\spring-test\5.3.8\spring-test-5.3.8.jar;D:\Dev\Environment\repository\org\xmlunit\xmlunit-core\2.8.2\xmlunit-core-2.8.2.jar;D:\Dev\Environment\repository\org\apache\commons\commons-lang3\3.8.1\commons-lang3-3.8.1.jar;D:\Dev\Environment\repository\io\jsonwebtoken\jjwt\0.9.1\jjwt-0.9.1.jar;D:\Dev\Environment\repository\com\fasterxml\jackson\core\jackson-databind\2.12.3\jackson-databind-2.12.3.jar;D:\Dev\Environment\repository\com\fasterxml\jackson\core\jackson-annotations\2.12.3\jackson-annotations-2.12.3.jar;D:\Dev\Environment\repository\com\fasterxml\jackson\core\jackson-core\2.12.3\jackson-core-2.12.3.jar;"/>
    <property name="java.vm.vendor" value="Oracle Corporation"/>
    <property name="sun.arch.data.model" value="64"/>
    <property name="user.variant" value=""/>
    <property name="java.vendor.url" value="http://java.oracle.com/"/>
    <property name="user.timezone" value="Asia/Shanghai"/>
    <property name="java.vm.specification.version" value="1.8"/>
    <property name="os.name" value="Windows 10"/>
    <property name="user.country" value="CN"/>
    <property name="sun.java.launcher" value="SUN_STANDARD"/>
    <property name="sun.boot.library.path" value="D:\Dev\Environment\jdk-8u201\jre\bin"/>
    <property name="sun.java.command" value="C:\Users\liupa\AppData\Local\Temp\surefire367483507814901731\surefirebooter8640598545732104915.jar C:\Users\liupa\AppData\Local\Temp\surefire367483507814901731 2021-06-27T15-14-54_137-jvmRun1 surefire4243448059514548886tmp surefire_04780758868653119584tmp"/>
    <property name="surefire.test.class.path" value="D:\Dev\projects\test2\target\test-classes;D:\Dev\projects\test2\target\classes;D:\Dev\Environment\repository\org\springframework\boot\spring-boot-starter-data-redis\2.5.2\spring-boot-starter-data-redis-2.5.2.jar;D:\Dev\Environment\repository\org\springframework\boot\spring-boot-starter\2.5.2\spring-boot-starter-2.5.2.jar;D:\Dev\Environment\repository\org\springframework\boot\spring-boot-starter-logging\2.5.2\spring-boot-starter-logging-2.5.2.jar;D:\Dev\Environment\repository\ch\qos\logback\logback-classic\1.2.3\logback-classic-1.2.3.jar;D:\Dev\Environment\repository\ch\qos\logback\logback-core\1.2.3\logback-core-1.2.3.jar;D:\Dev\Environment\repository\org\apache\logging\log4j\log4j-to-slf4j\2.14.1\log4j-to-slf4j-2.14.1.jar;D:\Dev\Environment\repository\org\apache\logging\log4j\log4j-api\2.14.1\log4j-api-2.14.1.jar;D:\Dev\Environment\repository\org\slf4j\jul-to-slf4j\1.7.31\jul-to-slf4j-1.7.31.jar;D:\Dev\Environment\repository\jakarta\annotation\jakarta.annotation-api\1.3.5\jakarta.annotation-api-1.3.5.jar;D:\Dev\Environment\repository\org\yaml\snakeyaml\1.28\snakeyaml-1.28.jar;D:\Dev\Environment\repository\org\springframework\data\spring-data-redis\2.5.2\spring-data-redis-2.5.2.jar;D:\Dev\Environment\repository\org\springframework\data\spring-data-keyvalue\2.5.2\spring-data-keyvalue-2.5.2.jar;D:\Dev\Environment\repository\org\springframework\data\spring-data-commons\2.5.2\spring-data-commons-2.5.2.jar;D:\Dev\Environment\repository\org\springframework\spring-tx\5.3.8\spring-tx-5.3.8.jar;D:\Dev\Environment\repository\org\springframework\spring-oxm\5.3.8\spring-oxm-5.3.8.jar;D:\Dev\Environment\repository\org\springframework\spring-aop\5.3.8\spring-aop-5.3.8.jar;D:\Dev\Environment\repository\org\springframework\spring-context-support\5.3.8\spring-context-support-5.3.8.jar;D:\Dev\Environment\repository\io\lettuce\lettuce-core\6.1.3.RELEASE\lettuce-core-6.1.3.RELEASE.jar;D:\Dev\Environment\repository\io\netty\netty-common\4.1.65.Final\netty-common-4.1.65.Final.jar;D:\Dev\Environment\repository\io\netty\netty-handler\4.1.65.Final\netty-handler-4.1.65.Final.jar;D:\Dev\Environment\repository\io\netty\netty-resolver\4.1.65.Final\netty-resolver-4.1.65.Final.jar;D:\Dev\Environment\repository\io\netty\netty-buffer\4.1.65.Final\netty-buffer-4.1.65.Final.jar;D:\Dev\Environment\repository\io\netty\netty-codec\4.1.65.Final\netty-codec-4.1.65.Final.jar;D:\Dev\Environment\repository\io\netty\netty-transport\4.1.65.Final\netty-transport-4.1.65.Final.jar;D:\Dev\Environment\repository\io\projectreactor\reactor-core\3.4.7\reactor-core-3.4.7.jar;D:\Dev\Environment\repository\org\reactivestreams\reactive-streams\1.0.3\reactive-streams-1.0.3.jar;D:\Dev\Environment\repository\org\apache\commons\commons-pool2\2.9.0\commons-pool2-2.9.0.jar;D:\Dev\Environment\repository\redis\clients\jedis\3.2.0\jedis-3.2.0.jar;D:\Dev\Environment\repository\org\slf4j\slf4j-api\1.7.31\slf4j-api-1.7.31.jar;D:\Dev\Environment\repository\org\springframework\boot\spring-boot-starter-web\2.5.2\spring-boot-starter-web-2.5.2.jar;D:\Dev\Environment\repository\org\springframework\boot\spring-boot-starter-json\2.5.2\spring-boot-starter-json-2.5.2.jar;D:\Dev\Environment\repository\com\fasterxml\jackson\datatype\jackson-datatype-jdk8\2.12.3\jackson-datatype-jdk8-2.12.3.jar;D:\Dev\Environment\repository\com\fasterxml\jackson\datatype\jackson-datatype-jsr310\2.12.3\jackson-datatype-jsr310-2.12.3.jar;D:\Dev\Environment\repository\com\fasterxml\jackson\module\jackson-module-parameter-names\2.12.3\jackson-module-parameter-names-2.12.3.jar;D:\Dev\Environment\repository\org\springframework\boot\spring-boot-starter-tomcat\2.5.2\spring-boot-starter-tomcat-2.5.2.jar;D:\Dev\Environment\repository\org\apache\tomcat\embed\tomcat-embed-core\9.0.48\tomcat-embed-core-9.0.48.jar;D:\Dev\Environment\repository\org\apache\tomcat\embed\tomcat-embed-el\9.0.48\tomcat-embed-el-9.0.48.jar;D:\Dev\Environment\repository\org\apache\tomcat\embed\tomcat-embed-websocket\9.0.48\tomcat-embed-websocket-9.0.48.jar;D:\Dev\Environment\repository\org\springframework\spring-web\5.3.8\spring-web-5.3.8.jar;D:\Dev\Environment\repository\org\springframework\spring-beans\5.3.8\spring-beans-5.3.8.jar;D:\Dev\Environment\repository\org\springframework\spring-webmvc\5.3.8\spring-webmvc-5.3.8.jar;D:\Dev\Environment\repository\org\springframework\spring-context\5.3.8\spring-context-5.3.8.jar;D:\Dev\Environment\repository\org\springframework\spring-expression\5.3.8\spring-expression-5.3.8.jar;D:\Dev\Environment\repository\org\mybatis\spring\boot\mybatis-spring-boot-starter\2.1.3\mybatis-spring-boot-starter-2.1.3.jar;D:\Dev\Environment\repository\org\springframework\boot\spring-boot-starter-jdbc\2.5.2\spring-boot-starter-jdbc-2.5.2.jar;D:\Dev\Environment\repository\com\zaxxer\HikariCP\4.0.3\HikariCP-4.0.3.jar;D:\Dev\Environment\repository\org\springframework\spring-jdbc\5.3.8\spring-jdbc-5.3.8.jar;D:\Dev\Environment\repository\org\mybatis\spring\boot\mybatis-spring-boot-autoconfigure\2.1.3\mybatis-spring-boot-autoconfigure-2.1.3.jar;D:\Dev\Environment\repository\org\mybatis\mybatis\3.5.5\mybatis-3.5.5.jar;D:\Dev\Environment\repository\org\mybatis\mybatis-spring\2.0.5\mybatis-spring-2.0.5.jar;D:\Dev\Environment\repository\org\projectlombok\lombok\1.18.20\lombok-1.18.20.jar;D:\Dev\Environment\repository\mysql\mysql-connector-java\8.0.25\mysql-connector-java-8.0.25.jar;D:\Dev\Environment\repository\com\alibaba\druid\1.2.4\druid-1.2.4.jar;D:\Dev\Environment\repository\org\springframework\boot\spring-boot-devtools\2.5.2\spring-boot-devtools-2.5.2.jar;D:\Dev\Environment\repository\org\springframework\boot\spring-boot\2.5.2\spring-boot-2.5.2.jar;D:\Dev\Environment\repository\org\springframework\boot\spring-boot-autoconfigure\2.5.2\spring-boot-autoconfigure-2.5.2.jar;D:\Dev\Environment\repository\org\springframework\boot\spring-boot-starter-test\2.5.2\spring-boot-starter-test-2.5.2.jar;D:\Dev\Environment\repository\org\springframework\boot\spring-boot-test\2.5.2\spring-boot-test-2.5.2.jar;D:\Dev\Environment\repository\org\springframework\boot\spring-boot-test-autoconfigure\2.5.2\spring-boot-test-autoconfigure-2.5.2.jar;D:\Dev\Environment\repository\com\jayway\jsonpath\json-path\2.5.0\json-path-2.5.0.jar;D:\Dev\Environment\repository\net\minidev\json-smart\2.4.7\json-smart-2.4.7.jar;D:\Dev\Environment\repository\net\minidev\accessors-smart\2.4.7\accessors-smart-2.4.7.jar;D:\Dev\Environment\repository\org\ow2\asm\asm\9.1\asm-9.1.jar;D:\Dev\Environment\repository\jakarta\xml\bind\jakarta.xml.bind-api\2.3.3\jakarta.xml.bind-api-2.3.3.jar;D:\Dev\Environment\repository\jakarta\activation\jakarta.activation-api\1.2.2\jakarta.activation-api-1.2.2.jar;D:\Dev\Environment\repository\org\assertj\assertj-core\3.19.0\assertj-core-3.19.0.jar;D:\Dev\Environment\repository\org\hamcrest\hamcrest\2.2\hamcrest-2.2.jar;D:\Dev\Environment\repository\org\junit\jupiter\junit-jupiter\5.7.2\junit-jupiter-5.7.2.jar;D:\Dev\Environment\repository\org\junit\jupiter\junit-jupiter-api\5.7.2\junit-jupiter-api-5.7.2.jar;D:\Dev\Environment\repository\org\apiguardian\apiguardian-api\1.1.0\apiguardian-api-1.1.0.jar;D:\Dev\Environment\repository\org\opentest4j\opentest4j\1.2.0\opentest4j-1.2.0.jar;D:\Dev\Environment\repository\org\junit\platform\junit-platform-commons\1.7.2\junit-platform-commons-1.7.2.jar;D:\Dev\Environment\repository\org\junit\jupiter\junit-jupiter-params\5.7.2\junit-jupiter-params-5.7.2.jar;D:\Dev\Environment\repository\org\junit\jupiter\junit-jupiter-engine\5.7.2\junit-jupiter-engine-5.7.2.jar;D:\Dev\Environment\repository\org\junit\platform\junit-platform-engine\1.7.2\junit-platform-engine-1.7.2.jar;D:\Dev\Environment\repository\org\mockito\mockito-core\3.9.0\mockito-core-3.9.0.jar;D:\Dev\Environment\repository\net\bytebuddy\byte-buddy\1.10.22\byte-buddy-1.10.22.jar;D:\Dev\Environment\repository\net\bytebuddy\byte-buddy-agent\1.10.22\byte-buddy-agent-1.10.22.jar;D:\Dev\Environment\repository\org\objenesis\objenesis\3.2\objenesis-3.2.jar;D:\Dev\Environment\repository\org\mockito\mockito-junit-jupiter\3.9.0\mockito-junit-jupiter-3.9.0.jar;D:\Dev\Environment\repository\org\skyscreamer\jsonassert\1.5.0\jsonassert-1.5.0.jar;D:\Dev\Environment\repository\com\vaadin\external\google\android-json\0.0.20131108.vaadin1\android-json-0.0.20131108.vaadin1.jar;D:\Dev\Environment\repository\org\springframework\spring-core\5.3.8\spring-core-5.3.8.jar;D:\Dev\Environment\repository\org\springframework\spring-jcl\5.3.8\spring-jcl-5.3.8.jar;D:\Dev\Environment\repository\org\springframework\spring-test\5.3.8\spring-test-5.3.8.jar;D:\Dev\Environment\repository\org\xmlunit\xmlunit-core\2.8.2\xmlunit-core-2.8.2.jar;D:\Dev\Environment\repository\org\apache\commons\commons-lang3\3.8.1\commons-lang3-3.8.1.jar;D:\Dev\Environment\repository\io\jsonwebtoken\jjwt\0.9.1\jjwt-0.9.1.jar;D:\Dev\Environment\repository\com\fasterxml\jackson\core\jackson-databind\2.12.3\jackson-databind-2.12.3.jar;D:\Dev\Environment\repository\com\fasterxml\jackson\core\jackson-annotations\2.12.3\jackson-annotations-2.12.3.jar;D:\Dev\Environment\repository\com\fasterxml\jackson\core\jackson-core\2.12.3\jackson-core-2.12.3.jar;"/>
    <property name="sun.cpu.endian" value="little"/>
    <property name="user.home" value="C:\Users\liupa"/>
    <property name="user.language" value="zh"/>
    <property name="java.specification.vendor" value="Oracle Corporation"/>
    <property name="java.home" value="D:\Dev\Environment\jdk-8u201\jre"/>
    <property name="basedir" value="D:\Dev\projects\test2"/>
    <property name="file.separator" value="\"/>
    <property name="line.separator" value="&#10;"/>
    <property name="java.vm.specification.vendor" value="Oracle Corporation"/>
    <property name="java.specification.name" value="Java Platform API Specification"/>
    <property name="java.awt.graphicsenv" value="sun.awt.Win32GraphicsEnvironment"/>
    <property name="surefire.real.class.path" value="C:\Users\liupa\AppData\Local\Temp\surefire367483507814901731\surefirebooter8640598545732104915.jar"/>
    <property name="sun.boot.class.path" value="D:\Dev\Environment\jdk-8u201\jre\lib\resources.jar;D:\Dev\Environment\jdk-8u201\jre\lib\rt.jar;D:\Dev\Environment\jdk-8u201\jre\lib\sunrsasign.jar;D:\Dev\Environment\jdk-8u201\jre\lib\jsse.jar;D:\Dev\Environment\jdk-8u201\jre\lib\jce.jar;D:\Dev\Environment\jdk-8u201\jre\lib\charsets.jar;D:\Dev\Environment\jdk-8u201\jre\lib\jfr.jar;D:\Dev\Environment\jdk-8u201\jre\classes"/>
    <property name="user.script" value=""/>
    <property name="sun.management.compiler" value="HotSpot 64-Bit Tiered Compilers"/>
    <property name="java.runtime.version" value="1.8.0_201-b09"/>
    <property name="user.name" value="liupa"/>
    <property name="path.separator" value=";"/>
    <property name="os.version" value="10.0"/>
    <property name="java.endorsed.dirs" value="D:\Dev\Environment\jdk-8u201\jre\lib\endorsed"/>
    <property name="java.runtime.name" value="Java(TM) SE Runtime Environment"/>
    <property name="file.encoding" value="GBK"/>
    <property name="java.vm.name" value="Java HotSpot(TM) 64-Bit Server VM"/>
    <property name="localRepository" value="D:\Dev\Environment\repository"/>
    <property name="java.vendor.url.bug" value="http://bugreport.sun.com/bugreport/"/>
    <property name="java.io.tmpdir" value="C:\Users\liupa\AppData\Local\Temp\"/>
    <property name="idea.version" value="2021.1"/>
    <property name="java.version" value="1.8.0_201"/>
    <property name="user.dir" value="D:\Dev\projects\test2"/>
    <property name="os.arch" value="amd64"/>
    <property name="java.vm.specification.name" value="Java Virtual Machine Specification"/>
    <property name="java.awt.printerjob" value="sun.awt.windows.WPrinterJob"/>
    <property name="sun.os.patch.level" value=""/>
    <property name="java.library.path" value="D:\Dev\Environment\jdk-8u201\jre\bin;C:\Windows\Sun\Java\bin;C:\Windows\system32;C:\Windows;C:\Windows\system32;C:\Windows;C:\Windows\System32\Wbem;C:\Windows\System32\WindowsPowerShell\v1.0\;C:\Windows\System32\OpenSSH\;C:\Program Files (x86)\NVIDIA Corporation\PhysX\Common;C:\Program Files\NVIDIA Corporation\NVIDIA NvDLISR;D:\Dev\Environment\jdk-8u201\bin;D:\software\Git\cmd;D:\software\Redis_3.2.100;D:\software\mysql-5.7.26\bin;D:\software\Microsoft VS Code\bin;D:\software\Node_js-14.17.0\;D:\Dev\Environment\apache-maven-3.8.1\bin;D:\software\SecureCRT-9\;C:\Users\liupa\.windows-build-tools\python27\;D:\software\Node_js-14.17.0\node_modules\npm\node_modules\npm-lifecycle\node-gyp-bin;D:\software\Node_js-14.17.0\node_modules\windows-build-tools\node_modules\.bin;D:\software\Node_js-14.17.0\node_modules\.bin;C:\Windows\system32;C:\Windows;C:\Windows\System32\Wbem;C:\Windows\System32\WindowsPowerShell\v1.0\;C:\Windows\System32\OpenSSH\;C:\Program Files (x86)\NVIDIA Corporation\PhysX\Common;C:\Program Files\NVIDIA Corporation\NVIDIA NvDLISR;D:\Dev\Environment\jdk-8u201\bin;D:\software\Git\cmd;D:\software\Redis_3.2.100;D:\software\mysql-5.7.26\bin;D:\software\Microsoft VS Code\bin;D:\software\Node_js-14.17.0\;D:\Dev\Environment\apache-maven-3.8.1\bin;C:\Users\liupa\AppData\Local\Microsoft\WindowsApps;."/>
    <property name="java.vm.info" value="mixed mode"/>
    <property name="java.vendor" value="Oracle Corporation"/>
    <property name="java.vm.version" value="25.201-b09"/>
    <property name="java.ext.dirs" value="D:\Dev\Environment\jdk-8u201\jre\lib\ext;C:\Windows\Sun\Java\lib\ext"/>
    <property name="sun.io.unicode.encoding" value="UnicodeLittle"/>
    <property name="maven.repo.local" value="D:\Dev\Environment\repository"/>
    <property name="java.class.version" value="52.0"/>
  </properties>
  <testcase name="contextLoads" classname="com.liupanlong.test2.Test2ApplicationTests" time="0.166"/>
</testsuite>